linux; GNU C++ version 4.6.3; Boost_104800; UHD_003.006.002-1-g9fd308b3

loading info index
info index set from file array_infoindx.txt
Warning: Failed to enable realtime scheduling.
Using Volk machine: sse4_1_64_orc
ok =  True  pktno =    0  n_rcvd =    1  n_right =    1
ok =  True  pktno =    1  n_rcvd =    2  n_right =    2
ok =  True  pktno =    2  n_rcvd =    3  n_right =    3
ok =  True  pktno =    3  n_rcvd =    4  n_right =    4
ok =  True  pktno =    4  n_rcvd =    5  n_right =    5
ok =  True  pktno =    5  n_rcvd =    6  n_right =    6
ok =  True  pktno =    6  n_rcvd =    7  n_right =    7
ok =  True  pktno =    7  n_rcvd =    8  n_right =    8
ok =  True  pktno =    8  n_rcvd =    9  n_right =    9
ok =  True  pktno =    9  n_rcvd =   10  n_right =   10
ok =  True  pktno =   10  n_rcvd =   11  n_right =   11
ok = False  pktno =   11  n_rcvd =   12  n_right =   11
ok =  True  pktno =   12  n_rcvd =   13  n_right =   12
ok =  True  pktno =   13  n_rcvd =   14  n_right =   13
ok =  True  pktno =   14  n_rcvd =   15  n_right =   14
ok =  True  pktno =   15  n_rcvd =   16  n_right =   15
ok =  True  pktno =   16  n_rcvd =   17  n_right =   16
ok =  True  pktno =   17  n_rcvd =   18  n_right =   17
ok =  True  pktno =   18  n_rcvd =   19  n_right =   18
ok =  True  pktno =   19  n_rcvd =   20  n_right =   19
ok =  True  pktno =   20  n_rcvd =   21  n_right =   20
ok =  True  pktno =   21  n_rcvd =   22  n_right =   21
ok =  True  pktno =   22  n_rcvd =   23  n_right =   22
ok =  True  pktno =   23  n_rcvd =   24  n_right =   23
ok =  True  pktno =   24  n_rcvd =   25  n_right =   24
ok =  True  pktno =   25  n_rcvd =   26  n_right =   25
ok =  True  pktno =   26  n_rcvd =   27  n_right =   26
ok =  True  pktno =   27  n_rcvd =   28  n_right =   27
ok =  True  pktno =   28  n_rcvd =   29  n_right =   28
ok =  True  pktno =   29  n_rcvd =   30  n_right =   29
ok = False  pktno =   30  n_rcvd =   31  n_right =   29
ok = False  pktno = 53445  n_rcvd =   32  n_right =   29
ok = False  pktno = 28747  n_rcvd =   33  n_right =   29
ok = False  pktno = 63142  n_rcvd =   34  n_right =   29
ok = False  pktno = 15434  n_rcvd =   35  n_right =   29
ok = False  pktno = 58814  n_rcvd =   36  n_right =   29
ok = False  pktno = 35927  n_rcvd =   37  n_right =   29
ok = False  pktno = 28542  n_rcvd =   38  n_right =   29
ok = False  pktno = 58433  n_rcvd =   39  n_right =   29
ok = False  pktno = 59009  n_rcvd =   40  n_right =   29
ok = False  pktno = 51635  n_rcvd =   41  n_right =   29
ok = False  pktno = 36388  n_rcvd =   42  n_right =   29
ok = False  pktno = 18739  n_rcvd =   43  n_right =   29
ok = False  pktno = 19260  n_rcvd =   44  n_right =   29
ok = False  pktno = 27420  n_rcvd =   45  n_right =   29
ok = False  pktno = 26665  n_rcvd =   46  n_right =   29
ok = False  pktno = 24609  n_rcvd =   47  n_right =   29
ok =  True  pktno =   77  n_rcvd =   48  n_right =   30
ok = False  pktno =   78  n_rcvd =   49  n_right =   30
ok =  True  pktno =   79  n_rcvd =   50  n_right =   31
ok = False  pktno =   80  n_rcvd =   51  n_right =   31
ok = False  pktno = 29648  n_rcvd =   52  n_right =   31
ok =  True  pktno =   83  n_rcvd =   53  n_right =   32
ok =  True  pktno =   84  n_rcvd =   54  n_right =   33
ok =  True  pktno =   85  n_rcvd =   55  n_right =   34
ok =  True  pktno =   86  n_rcvd =   56  n_right =   35
ok = False  pktno =   87  n_rcvd =   57  n_right =   35
ok = False  pktno =   88  n_rcvd =   58  n_right =   35
ok =  True  pktno =   89  n_rcvd =   59  n_right =   36
ok =  True  pktno =   90  n_rcvd =   60  n_right =   37
ok =  True  pktno =   91  n_rcvd =   61  n_right =   38
ok =  True  pktno =   92  n_rcvd =   62  n_right =   39
ok =  True  pktno =   93  n_rcvd =   63  n_right =   40
ok =  True  pktno =   94  n_rcvd =   64  n_right =   41
ok =  True  pktno =   95  n_rcvd =   65  n_right =   42
ok =  True  pktno =   96  n_rcvd =   66  n_right =   43
ok = False  pktno =   97  n_rcvd =   67  n_right =   43
ok = False  pktno = 17835  n_rcvd =   68  n_right =   43
ok = False  pktno = 64492  n_rcvd =   69  n_right =   43
ok = False  pktno = 30246  n_rcvd =   70  n_right =   43
ok = False  pktno = 48934  n_rcvd =   71  n_right =   43
ok = False  pktno = 26166  n_rcvd =   72  n_right =   43
ok = False  pktno = 4821  n_rcvd =   73  n_right =   43
ok = False  pktno = 10804  n_rcvd =   74  n_right =   43
ok =  True  pktno =  119  n_rcvd =   75  n_right =   44
ok =  True  pktno =  120  n_rcvd =   76  n_right =   45
ok =  True  pktno =  121  n_rcvd =   77  n_right =   46
ok =  True  pktno =  122  n_rcvd =   78  n_right =   47
ok =  True  pktno =  123  n_rcvd =   79  n_right =   48
ok =  True  pktno =  124  n_rcvd =   80  n_right =   49
ok = False  pktno =  125  n_rcvd =   81  n_right =   49
ok =  True  pktno =  126  n_rcvd =   82  n_right =   50
ok =  True  pktno =  127  n_rcvd =   83  n_right =   51
ok =  True  pktno =  128  n_rcvd =   84  n_right =   52
ok =  True  pktno =  129  n_rcvd =   85  n_right =   53
ok =  True  pktno =  130  n_rcvd =   86  n_right =   54
ok = False  pktno =  131  n_rcvd =   87  n_right =   54
ok = False  pktno = 57966  n_rcvd =   88  n_right =   54
ok = False  pktno = 24210  n_rcvd =   89  n_right =   54
ok = False  pktno = 62127  n_rcvd =   90  n_right =   54
ok = False  pktno = 56463  n_rcvd =   91  n_right =   54
ok = False  pktno = 60197  n_rcvd =   92  n_right =   54
ok = False  pktno =   65  n_rcvd =   93  n_right =   54
ok = False  pktno = 38844  n_rcvd =   94  n_right =   54
ok = False  pktno = 38334  n_rcvd =   95  n_right =   54
ok = False  pktno = 38625  n_rcvd =   96  n_right =   54
ok = False  pktno = 10731  n_rcvd =   97  n_right =   54
ok = False  pktno = 11115  n_rcvd =   98  n_right =   54
ok = False  pktno = 10786  n_rcvd =   99  n_right =   54
ok = False  pktno = 61669  n_rcvd =  100  n_right =   54
ok = False  pktno = 1564  n_rcvd =  101  n_right =   54
ok = False  pktno = 32434  n_rcvd =  102  n_right =   54
ok = False  pktno = 34886  n_rcvd =  103  n_right =   54
ok = False  pktno = 18685  n_rcvd =  104  n_right =   54
ok = False  pktno = 38540  n_rcvd =  105  n_right =   54
ok = False  pktno = 36500  n_rcvd =  106  n_right =   54
ok = False  pktno = 34460  n_rcvd =  107  n_right =   54
ok = False  pktno = 9623  n_rcvd =  108  n_right =   54
ok = False  pktno = 4669  n_rcvd =  109  n_right =   54
ok = False  pktno = 43110  n_rcvd =  110  n_right =   54
ok = False  pktno = 44442  n_rcvd =  111  n_right =   54
ok = False  pktno = 48275  n_rcvd =  112  n_right =   54
ok = False  pktno = 21060  n_rcvd =  113  n_right =   54
ok = False  pktno = 8584  n_rcvd =  114  n_right =   54
ok = False  pktno = 63099  n_rcvd =  115  n_right =   54
ok = False  pktno = 6072  n_rcvd =  116  n_right =   54
ok = False  pktno =  206  n_rcvd =  117  n_right =   54
ok =  True  pktno =  207  n_rcvd =  118  n_right =   55
ok =  True  pktno =  208  n_rcvd =  119  n_right =   56
ok =  True  pktno =  209  n_rcvd =  120  n_right =   57
ok =  True  pktno =  210  n_rcvd =  121  n_right =   58
ok = False  pktno =  211  n_rcvd =  122  n_right =   58
ok = False  pktno =  212  n_rcvd =  123  n_right =   58
ok =  True  pktno =  213  n_rcvd =  124  n_right =   59
ok =  True  pktno =  214  n_rcvd =  125  n_right =   60
ok =  True  pktno =  215  n_rcvd =  126  n_right =   61
ok =  True  pktno =  216  n_rcvd =  127  n_right =   62
ok = False  pktno =  217  n_rcvd =  128  n_right =   62
ok =  True  pktno =  218  n_rcvd =  129  n_right =   63
ok =  True  pktno =  219  n_rcvd =  130  n_right =   64
ok =  True  pktno =  220  n_rcvd =  131  n_right =   65
ok =  True  pktno =  221  n_rcvd =  132  n_right =   66
ok =  True  pktno =  222  n_rcvd =  133  n_right =   67
ok =  True  pktno =  223  n_rcvd =  134  n_right =   68
ok =  True  pktno =  224  n_rcvd =  135  n_right =   69
ok = False  pktno =  225  n_rcvd =  136  n_right =   69
ok = False  pktno =  388  n_rcvd =  137  n_right =   69
ok =  True  pktno =  227  n_rcvd =  138  n_right =   70
ok =  True  pktno =  228  n_rcvd =  139  n_right =   71
ok = False  pktno =  229  n_rcvd =  140  n_right =   71
ok =  True  pktno =  230  n_rcvd =  141  n_right =   72
ok =  True  pktno =  231  n_rcvd =  142  n_right =   73
ok =  True  pktno =  232  n_rcvd =  143  n_right =   74
ok =  True  pktno =  233  n_rcvd =  144  n_right =   75
ok =  True  pktno =  234  n_rcvd =  145  n_right =   76
ok =  True  pktno =  235  n_rcvd =  146  n_right =   77
ok =  True  pktno =  236  n_rcvd =  147  n_right =   78
ok =  True  pktno =  237  n_rcvd =  148  n_right =   79
ok =  True  pktno =  238  n_rcvd =  149  n_right =   80
ok =  True  pktno =  239  n_rcvd =  150  n_right =   81
ok = False  pktno =  240  n_rcvd =  151  n_right =   81
ok = False  pktno =  241  n_rcvd =  152  n_right =   81
ok = False  pktno = 41392  n_rcvd =  153  n_right =   81
ok = False  pktno = 42604  n_rcvd =  154  n_right =   81
ok = False  pktno = 28118  n_rcvd =  155  n_right =   81
ok =  True  pktno =  246  n_rcvd =  156  n_right =   82
ok =  True  pktno =  247  n_rcvd =  157  n_right =   83
ok =  True  pktno =  248  n_rcvd =  158  n_right =   84
ok =  True  pktno =  249  n_rcvd =  159  n_right =   85
ok =  True  pktno =  250  n_rcvd =  160  n_right =   86
ok =  True  pktno =  251  n_rcvd =  161  n_right =   87
ok =  True  pktno =  252  n_rcvd =  162  n_right =   88
ok =  True  pktno =  253  n_rcvd =  163  n_right =   89
ok =  True  pktno =  254  n_rcvd =  164  n_right =   90
ok =  True  pktno =  255  n_rcvd =  165  n_right =   91
ok =  True  pktno =  256  n_rcvd =  166  n_right =   92
ok =  True  pktno =  257  n_rcvd =  167  n_right =   93
ok =  True  pktno =  258  n_rcvd =  168  n_right =   94
ok =  True  pktno =  259  n_rcvd =  169  n_right =   95
ok =  True  pktno =  260  n_rcvd =  170  n_right =   96
ok =  True  pktno =  261  n_rcvd =  171  n_right =   97
ok =  True  pktno =  262  n_rcvd =  172  n_right =   98
ok =  True  pktno =  263  n_rcvd =  173  n_right =   99
ok =  True  pktno =  264  n_rcvd =  174  n_right =  100
ok =  True  pktno =  265  n_rcvd =  175  n_right =  101
ok =  True  pktno =  266  n_rcvd =  176  n_right =  102
ok =  True  pktno =  267  n_rcvd =  177  n_right =  103
ok =  True  pktno =  268  n_rcvd =  178  n_right =  104
ok =  True  pktno =  269  n_rcvd =  179  n_right =  105
ok =  True  pktno =  270  n_rcvd =  180  n_right =  106
ok =  True  pktno =  271  n_rcvd =  181  n_right =  107
ok =  True  pktno =  272  n_rcvd =  182  n_right =  108
ok =  True  pktno =  273  n_rcvd =  183  n_right =  109
ok =  True  pktno =  274  n_rcvd =  184  n_right =  110
ok =  True  pktno =  275  n_rcvd =  185  n_right =  111
ok =  True  pktno =  276  n_rcvd =  186  n_right =  112
ok =  True  pktno =  277  n_rcvd =  187  n_right =  113
ok =  True  pktno =  278  n_rcvd =  188  n_right =  114
ok =  True  pktno =  279  n_rcvd =  189  n_right =  115
ok =  True  pktno =  280  n_rcvd =  190  n_right =  116
ok =  True  pktno =  281  n_rcvd =  191  n_right =  117
ok =  True  pktno =  282  n_rcvd =  192  n_right =  118
ok =  True  pktno =  283  n_rcvd =  193  n_right =  119
ok =  True  pktno =  284  n_rcvd =  194  n_right =  120
ok =  True  pktno =  285  n_rcvd =  195  n_right =  121
ok =  True  pktno =  286  n_rcvd =  196  n_right =  122
ok = False  pktno =  287  n_rcvd =  197  n_right =  122
ok = False  pktno = 53445  n_rcvd =  198  n_right =  122
ok = False  pktno = 28747  n_rcvd =  199  n_right =  122
ok = False  pktno = 63142  n_rcvd =  200  n_right =  122
ok = False  pktno = 15434  n_rcvd =  201  n_right =  122
ok = False  pktno = 31018  n_rcvd =  202  n_right =  122
ok = False  pktno = 8267  n_rcvd =  203  n_right =  122
ok = False  pktno = 16944  n_rcvd =  204  n_right =  122
ok =  True  pktno =  309  n_rcvd =  205  n_right =  123
ok =  True  pktno =  310  n_rcvd =  206  n_right =  124
ok = False  pktno =  311  n_rcvd =  207  n_right =  124
ok = False  pktno = 28542  n_rcvd =  208  n_right =  124
ok = False  pktno = 58433  n_rcvd =  209  n_right =  124
ok = False  pktno =  424  n_rcvd =  210  n_right =  124
ok = False  pktno = 21060  n_rcvd =  211  n_right =  124
ok =  True  pktno =  320  n_rcvd =  212  n_right =  125
ok =  True  pktno =  321  n_rcvd =  213  n_right =  126
ok =  True  pktno =  322  n_rcvd =  214  n_right =  127
ok =  True  pktno =  323  n_rcvd =  215  n_right =  128
ok = False  pktno =  324  n_rcvd =  216  n_right =  128
ok =  True  pktno =  325  n_rcvd =  217  n_right =  129
ok =  True  pktno =  326  n_rcvd =  218  n_right =  130
ok =  True  pktno =  327  n_rcvd =  219  n_right =  131
ok =  True  pktno =  328  n_rcvd =  220  n_right =  132
ok =  True  pktno =  329  n_rcvd =  221  n_right =  133
ok =  True  pktno =  330  n_rcvd =  222  n_right =  134
ok =  True  pktno =  331  n_rcvd =  223  n_right =  135
ok =  True  pktno =  332  n_rcvd =  224  n_right =  136
ok = False  pktno =  333  n_rcvd =  225  n_right =  136
ok = False  pktno = 17099  n_rcvd =  226  n_right =  136
ok = False  pktno = 57849  n_rcvd =  227  n_right =  136
ok = False  pktno = 59112  n_rcvd =  228  n_right =  136
ok = False  pktno = 10345  n_rcvd =  229  n_right =  136
ok = False  pktno = 1325  n_rcvd =  230  n_right =  136
ok = False  pktno = 41210  n_rcvd =  231  n_right =  136
ok = False  pktno = 62948  n_rcvd =  232  n_right =  136
ok = False  pktno = 17835  n_rcvd =  233  n_right =  136
ok = False  pktno = 64492  n_rcvd =  234  n_right =  136
ok = False  pktno = 30246  n_rcvd =  235  n_right =  136
ok = False  pktno = 48934  n_rcvd =  236  n_right =  136
ok = False  pktno = 26166  n_rcvd =  237  n_right =  136
ok = False  pktno = 4821  n_rcvd =  238  n_right =  136
ok = False  pktno = 10804  n_rcvd =  239  n_right =  136
ok = False  pktno = 15322  n_rcvd =  240  n_right =  136
ok = False  pktno = 51695  n_rcvd =  241  n_right =  136
ok = False  pktno = 23116  n_rcvd =  242  n_right =  136
ok = False  pktno = 54588  n_rcvd =  243  n_right =  136
ok = False  pktno = 24210  n_rcvd =  244  n_right =  136
ok = False  pktno = 62127  n_rcvd =  245  n_right =  136
ok = False  pktno = 51651  n_rcvd =  246  n_right =  136
ok = False  pktno =   65  n_rcvd =  247  n_right =  136
ok = False  pktno = 38844  n_rcvd =  248  n_right =  136
ok = False  pktno = 38334  n_rcvd =  249  n_right =  136
ok = False  pktno = 38625  n_rcvd =  250  n_right =  136
ok = False  pktno = 10731  n_rcvd =  251  n_right =  136
ok = False  pktno = 11115  n_rcvd =  252  n_right =  136
ok = False  pktno = 10786  n_rcvd =  253  n_right =  136
ok = False  pktno = 35923  n_rcvd =  254  n_right =  136
ok = False  pktno = 18392  n_rcvd =  255  n_right =  136
ok = False  pktno = 61669  n_rcvd =  256  n_right =  136
ok = False  pktno = 1564  n_rcvd =  257  n_right =  136
ok = False  pktno = 32434  n_rcvd =  258  n_right =  136
ok = False  pktno = 34886  n_rcvd =  259  n_right =  136
ok = False  pktno = 18685  n_rcvd =  260  n_right =  136
ok = False  pktno = 38540  n_rcvd =  261  n_right =  136
ok = False  pktno = 36500  n_rcvd =  262  n_right =  136
ok = False  pktno = 34460  n_rcvd =  263  n_right =  136
ok = False  pktno = 9623  n_rcvd =  264  n_right =  136
ok = False  pktno = 4669  n_rcvd =  265  n_right =  136
ok = False  pktno = 55262  n_rcvd =  266  n_right =  136
ok = False  pktno = 44442  n_rcvd =  267  n_right =  136
ok = False  pktno = 48275  n_rcvd =  268  n_right =  136
ok = False  pktno = 21060  n_rcvd =  269  n_right =  136
ok = False  pktno = 8584  n_rcvd =  270  n_right =  136
ok = False  pktno = 1728  n_rcvd =  271  n_right =  136
ok = False  pktno = 63099  n_rcvd =  272  n_right =  136
ok = False  pktno = 16944  n_rcvd =  273  n_right =  136
ok = False  pktno = 58224  n_rcvd =  274  n_right =  136
ok = False  pktno = 64591  n_rcvd =  275  n_right =  136
ok = False  pktno = 57974  n_rcvd =  276  n_right =  136
ok = False  pktno = 58231  n_rcvd =  277  n_right =  136
ok = False  pktno = 8311  n_rcvd =  278  n_right =  136
ok = False  pktno = 55979  n_rcvd =  279  n_right =  136
ok = False  pktno = 30459  n_rcvd =  280  n_right =  136
ok = False  pktno = 16541  n_rcvd =  281  n_right =  136
ok = False  pktno = 7515  n_rcvd =  282  n_right =  136
ok = False  pktno = 24631  n_rcvd =  283  n_right =  136
ok = False  pktno = 22080  n_rcvd =  284  n_right =  136
ok = False  pktno = 33940  n_rcvd =  285  n_right =  136
ok = False  pktno = 61081  n_rcvd =  286  n_right =  136
ok = False  pktno = 25436  n_rcvd =  287  n_right =  136
ok = False  pktno = 1291  n_rcvd =  288  n_right =  136
ok = False  pktno =  709  n_rcvd =  289  n_right =  136
ok = False  pktno = 41968  n_rcvd =  290  n_right =  136
ok = False  pktno = 50724  n_rcvd =  291  n_right =  136
ok = False  pktno = 32014  n_rcvd =  292  n_right =  136
